<?xml version="1.0" encoding="UTF-8"?>
<!-- Generated by org.testng.reporters.JUnitXMLReporter -->
<testsuite ignored="0" hostname="nirav-Inspiron-3558" failures="0" tests="5" name="Default test" time="61.028" errors="0" timestamp="30 Apr 2020 09:46:44 GMT">
  <testcase classname="com.qa.tests.DemoTest" name="div" time="0.046"/>
  <testcase classname="com.qa.tests.DemoTest" name="mul" time="0.002"/>
  <testcase classname="com.qa.tests.DemoTest" name="openBrow" time="60.629"/>
  <testcase classname="com.qa.tests.DemoTest" name="sub" time="0.003"/>
  <testcase classname="com.qa.tests.DemoTest" name="sum" time="0.004"/>
</testsuite> <!-- Default test -->
