<?xml version="1.0" encoding="UTF-8"?>
<!-- Generated by org.testng.reporters.JUnitXMLReporter -->
<testsuite ignored="0" hostname="nirav-Inspiron-3558" failures="0" tests="4" name="Default test" time="0.112" errors="0" timestamp="28 Apr 2020 10:34:24 GMT">
  <testcase classname="com.qa.tests.DemoTest" name="div" time="0.019"/>
  <testcase classname="com.qa.tests.DemoTest" name="mul" time="0.004"/>
  <testcase classname="com.qa.tests.DemoTest" name="sub" time="0.003"/>
  <testcase classname="com.qa.tests.DemoTest" name="sum" time="0.003"/>
</testsuite> <!-- Default test -->
