<?xml version="1.0" encoding="UTF-8"?>
<!-- Generated by org.testng.reporters.JUnitXMLReporter -->
<testsuite ignored="0" hostname="nirav-Inspiron-3558" failures="0" tests="8" name="Test" time="0.182" errors="0" timestamp="28 Apr 2020 13:35:28 GMT">
  <testcase classname="com.qa.tests.DemoTest1" name="div" time="0.124"/>
  <testcase classname="com.qa.tests.DemoTest1" name="mul" time="0.002"/>
  <testcase classname="com.qa.tests.DemoTest1" name="sub" time="0.001"/>
  <testcase classname="com.qa.tests.DemoTest1" name="sum" time="0.002"/>
  <testcase classname="com.qa.tests.DemoTest" name="div" time="0.003"/>
  <testcase classname="com.qa.tests.DemoTest" name="mul" time="0.002"/>
  <testcase classname="com.qa.tests.DemoTest" name="sub" time="0.003"/>
  <testcase classname="com.qa.tests.DemoTest" name="sum" time="0.002"/>
</testsuite> <!-- Test -->
