<?xml version="1.0" encoding="UTF-8"?>
<!-- Generated by org.testng.reporters.JUnitXMLReporter -->
<testsuite ignored="0" hostname="nirav-Inspiron-3558" failures="0" tests="9" name="Test" time="100.191" errors="0" timestamp="30 Apr 2020 09:49:29 GMT">
  <testcase classname="com.qa.tests.DemoTest" name="div" time="0.021"/>
  <testcase classname="com.qa.tests.DemoTest" name="mul" time="0.001"/>
  <testcase classname="com.qa.tests.DemoTest" name="openBrow" time="100.021"/>
  <testcase classname="com.qa.tests.DemoTest" name="sub" time="0.001"/>
  <testcase classname="com.qa.tests.DemoTest" name="sum" time="0.0"/>
  <testcase classname="com.qa.tests.DemoTest1" name="div" time="0.001"/>
  <testcase classname="com.qa.tests.DemoTest1" name="mul" time="0.001"/>
  <testcase classname="com.qa.tests.DemoTest1" name="sub" time="0.0"/>
  <testcase classname="com.qa.tests.DemoTest1" name="sum" time="0.001"/>
</testsuite> <!-- Test -->
