<?xml version="1.0" encoding="UTF-8"?>
<testng-results ignored="0" total="9" passed="9" failed="0" skipped="0">
  <reporter-output>
  </reporter-output>
  <suite started-at="2020-04-30T09:47:48Z" name="Suite" finished-at="2020-04-30T09:49:28Z" duration-ms="100191">
    <groups>
    </groups>
    <test started-at="2020-04-30T09:47:48Z" name="Test" finished-at="2020-04-30T09:49:28Z" duration-ms="100191">
      <class name="com.qa.tests.DemoTest">
        <test-method signature="div()[pri:0, instance:com.qa.tests.DemoTest@dbd940d]" started-at="2020-04-30T09:47:48Z" name="div" finished-at="2020-04-30T09:47:48Z" duration-ms="21" status="PASS">
          <reporter-output>
          </reporter-output>
        </test-method> <!-- div -->
        <test-method signature="mul()[pri:0, instance:com.qa.tests.DemoTest@dbd940d]" started-at="2020-04-30T09:47:48Z" name="mul" finished-at="2020-04-30T09:47:48Z" duration-ms="1" status="PASS">
          <reporter-output>
          </reporter-output>
        </test-method> <!-- mul -->
        <test-method signature="openBrow()[pri:0, instance:com.qa.tests.DemoTest@dbd940d]" started-at="2020-04-30T09:47:48Z" name="openBrow" finished-at="2020-04-30T09:49:28Z" duration-ms="100021" status="PASS">
          <reporter-output>
          </reporter-output>
        </test-method> <!-- openBrow -->
        <test-method signature="sub()[pri:0, instance:com.qa.tests.DemoTest@dbd940d]" started-at="2020-04-30T09:49:28Z" name="sub" finished-at="2020-04-30T09:49:28Z" duration-ms="1" status="PASS">
          <reporter-output>
          </reporter-output>
        </test-method> <!-- sub -->
        <test-method signature="sum()[pri:0, instance:com.qa.tests.DemoTest@dbd940d]" started-at="2020-04-30T09:49:28Z" name="sum" finished-at="2020-04-30T09:49:28Z" duration-ms="0" status="PASS">
          <reporter-output>
          </reporter-output>
        </test-method> <!-- sum -->
      </class> <!-- com.qa.tests.DemoTest -->
      <class name="com.qa.tests.DemoTest1">
        <test-method signature="div()[pri:0, instance:com.qa.tests.DemoTest1@71d15f18]" started-at="2020-04-30T09:49:28Z" name="div" finished-at="2020-04-30T09:49:28Z" duration-ms="1" status="PASS">
          <reporter-output>
          </reporter-output>
        </test-method> <!-- div -->
        <test-method signature="mul()[pri:0, instance:com.qa.tests.DemoTest1@71d15f18]" started-at="2020-04-30T09:49:28Z" name="mul" finished-at="2020-04-30T09:49:28Z" duration-ms="1" status="PASS">
          <reporter-output>
          </reporter-output>
        </test-method> <!-- mul -->
        <test-method signature="sub()[pri:0, instance:com.qa.tests.DemoTest1@71d15f18]" started-at="2020-04-30T09:49:28Z" name="sub" finished-at="2020-04-30T09:49:28Z" duration-ms="0" status="PASS">
          <reporter-output>
          </reporter-output>
        </test-method> <!-- sub -->
        <test-method signature="sum()[pri:0, instance:com.qa.tests.DemoTest1@71d15f18]" started-at="2020-04-30T09:49:28Z" name="sum" finished-at="2020-04-30T09:49:28Z" duration-ms="1" status="PASS">
          <reporter-output>
          </reporter-output>
        </test-method> <!-- sum -->
      </class> <!-- com.qa.tests.DemoTest1 -->
    </test> <!-- Test -->
  </suite> <!-- Suite -->
</testng-results>
