<?xml version="1.0" encoding="UTF-8"?>
<testng-results ignored="0" total="5" passed="5" failed="0" skipped="0">
  <reporter-output>
  </reporter-output>
  <suite started-at="2020-04-30T09:45:43Z" name="Default suite" finished-at="2020-04-30T09:46:44Z" duration-ms="61028">
    <groups>
    </groups>
    <test started-at="2020-04-30T09:45:43Z" name="Default test" finished-at="2020-04-30T09:46:44Z" duration-ms="61028">
      <class name="com.qa.tests.DemoTest">
        <test-method signature="div()[pri:0, instance:com.qa.tests.DemoTest@157632c9]" started-at="2020-04-30T09:45:43Z" name="div" finished-at="2020-04-30T09:45:43Z" duration-ms="46" status="PASS">
          <reporter-output>
          </reporter-output>
        </test-method> <!-- div -->
        <test-method signature="mul()[pri:0, instance:com.qa.tests.DemoTest@157632c9]" started-at="2020-04-30T09:45:43Z" name="mul" finished-at="2020-04-30T09:45:43Z" duration-ms="2" status="PASS">
          <reporter-output>
          </reporter-output>
        </test-method> <!-- mul -->
        <test-method signature="openBrow()[pri:0, instance:com.qa.tests.DemoTest@157632c9]" started-at="2020-04-30T09:45:43Z" name="openBrow" finished-at="2020-04-30T09:46:43Z" duration-ms="60629" status="PASS">
          <reporter-output>
          </reporter-output>
        </test-method> <!-- openBrow -->
        <test-method signature="sub()[pri:0, instance:com.qa.tests.DemoTest@157632c9]" started-at="2020-04-30T09:46:44Z" name="sub" finished-at="2020-04-30T09:46:44Z" duration-ms="3" status="PASS">
          <reporter-output>
          </reporter-output>
        </test-method> <!-- sub -->
        <test-method signature="sum()[pri:0, instance:com.qa.tests.DemoTest@157632c9]" started-at="2020-04-30T09:46:44Z" name="sum" finished-at="2020-04-30T09:46:44Z" duration-ms="4" status="PASS">
          <reporter-output>
          </reporter-output>
        </test-method> <!-- sum -->
      </class> <!-- com.qa.tests.DemoTest -->
    </test> <!-- Default test -->
  </suite> <!-- Default suite -->
</testng-results>
