<?xml version="1.0" encoding="UTF-8"?>
<testng-results ignored="0" total="8" passed="8" failed="0" skipped="0">
  <reporter-output>
  </reporter-output>
  <suite started-at="2020-04-28T13:35:27Z" name="Suite" finished-at="2020-04-28T13:35:28Z" duration-ms="182">
    <groups>
    </groups>
    <test started-at="2020-04-28T13:35:27Z" name="Test" finished-at="2020-04-28T13:35:28Z" duration-ms="182">
      <class name="com.qa.tests.DemoTest">
        <test-method signature="div()[pri:0, instance:com.qa.tests.DemoTest@2ea6137]" started-at="2020-04-28T13:35:28Z" name="div" finished-at="2020-04-28T13:35:28Z" duration-ms="3" status="PASS">
          <reporter-output>
          </reporter-output>
        </test-method> <!-- div -->
        <test-method signature="mul()[pri:0, instance:com.qa.tests.DemoTest@2ea6137]" started-at="2020-04-28T13:35:28Z" name="mul" finished-at="2020-04-28T13:35:28Z" duration-ms="2" status="PASS">
          <reporter-output>
          </reporter-output>
        </test-method> <!-- mul -->
        <test-method signature="sub()[pri:0, instance:com.qa.tests.DemoTest@2ea6137]" started-at="2020-04-28T13:35:28Z" name="sub" finished-at="2020-04-28T13:35:28Z" duration-ms="3" status="PASS">
          <reporter-output>
          </reporter-output>
        </test-method> <!-- sub -->
        <test-method signature="sum()[pri:0, instance:com.qa.tests.DemoTest@2ea6137]" started-at="2020-04-28T13:35:28Z" name="sum" finished-at="2020-04-28T13:35:28Z" duration-ms="2" status="PASS">
          <reporter-output>
          </reporter-output>
        </test-method> <!-- sum -->
      </class> <!-- com.qa.tests.DemoTest -->
      <class name="com.qa.tests.DemoTest1">
        <test-method signature="div()[pri:0, instance:com.qa.tests.DemoTest1@4c40b76e]" started-at="2020-04-28T13:35:27Z" name="div" finished-at="2020-04-28T13:35:28Z" duration-ms="124" status="PASS">
          <reporter-output>
          </reporter-output>
        </test-method> <!-- div -->
        <test-method signature="mul()[pri:0, instance:com.qa.tests.DemoTest1@4c40b76e]" started-at="2020-04-28T13:35:28Z" name="mul" finished-at="2020-04-28T13:35:28Z" duration-ms="2" status="PASS">
          <reporter-output>
          </reporter-output>
        </test-method> <!-- mul -->
        <test-method signature="sub()[pri:0, instance:com.qa.tests.DemoTest1@4c40b76e]" started-at="2020-04-28T13:35:28Z" name="sub" finished-at="2020-04-28T13:35:28Z" duration-ms="1" status="PASS">
          <reporter-output>
          </reporter-output>
        </test-method> <!-- sub -->
        <test-method signature="sum()[pri:0, instance:com.qa.tests.DemoTest1@4c40b76e]" started-at="2020-04-28T13:35:28Z" name="sum" finished-at="2020-04-28T13:35:28Z" duration-ms="2" status="PASS">
          <reporter-output>
          </reporter-output>
        </test-method> <!-- sum -->
      </class> <!-- com.qa.tests.DemoTest1 -->
    </test> <!-- Test -->
  </suite> <!-- Suite -->
</testng-results>
